<?xml version="1.0" encoding="UTF-8"?>
<!-- Generated by org.testng.reporters.JUnitReportReporter -->
<testsuite hostname="LAPTOP-0A7BHQUS" failures="0" tests="1" name="studentApiTest.GetAPITests" time="0.736" errors="0" timestamp="2022-11-27T21:12:34 AST" skipped="0">
  <testcase classname="studentApiTest.GetAPITests" name="getAPITest" time="0.736"/>
  <system-out/>
</testsuite> <!-- studentApiTest.GetAPITests -->
